0 info it worked if it ends with ok
1 verbose cli [ '/usr/local/bin/node', '/usr/local/bin/npm', 'run', 'serve' ]
2 info using npm@3.3.12
3 info using node@v5.5.0
4 verbose run-script [ 'preserve', 'serve', 'postserve' ]
5 info lifecycle team-project-client@0.0.1~preserve: team-project-client@0.0.1
6 silly lifecycle team-project-client@0.0.1~preserve: no script for preserve, continuing
7 info lifecycle team-project-client@0.0.1~serve: team-project-client@0.0.1
8 verbose lifecycle team-project-client@0.0.1~serve: unsafe-perm in lifecycle true
9 verbose lifecycle team-project-client@0.0.1~serve: PATH: /usr/local/lib/node_modules/npm/bin/node-gyp-bin:/Users/hg/Desktop/CS326/startup-product-frontend-morningstar/node_modules/.bin:/usr/bin:/bin:/usr/sbin:/sbin:/usr/local/bin
10 verbose lifecycle team-project-client@0.0.1~serve: CWD: /Users/hg/Desktop/CS326/startup-product-frontend-morningstar
11 silly lifecycle team-project-client@0.0.1~serve: Args: [ '-c', 'webpack-dev-server --content-base build' ]
12 info lifecycle team-project-client@0.0.1~serve: Failed to exec serve script
13 verbose stack Error: team-project-client@0.0.1 serve: `webpack-dev-server --content-base build`
13 verbose stack spawn ENOENT
13 verbose stack     at ChildProcess.<anonymous> (/usr/local/lib/node_modules/npm/lib/utils/spawn.js:17:16)
13 verbose stack     at emitTwo (events.js:100:13)
13 verbose stack     at ChildProcess.emit (events.js:185:7)
13 verbose stack     at maybeClose (internal/child_process.js:821:16)
13 verbose stack     at Process.ChildProcess._handle.onexit (internal/child_process.js:211:5)
14 verbose pkgid team-project-client@0.0.1
15 verbose cwd /Users/hg/Desktop/CS326/startup-product-frontend-morningstar
16 error Darwin 15.2.0
17 error argv "/usr/local/bin/node" "/usr/local/bin/npm" "run" "serve"
18 error node v5.5.0
19 error npm  v3.3.12
20 error file sh
21 error code ELIFECYCLE
22 error errno ENOENT
23 error syscall spawn
24 error team-project-client@0.0.1 serve: `webpack-dev-server --content-base build`
24 error spawn ENOENT
25 error Failed at the team-project-client@0.0.1 serve script 'webpack-dev-server --content-base build'.
25 error Make sure you have the latest version of node.js and npm installed.
25 error If you do, this is most likely a problem with the team-project-client package,
25 error not with npm itself.
25 error Tell the author that this fails on your system:
25 error     webpack-dev-server --content-base build
25 error You can get their info via:
25 error     npm owner ls team-project-client
25 error There is likely additional logging output above.
26 verbose exit [ 1, true ]
